<?xml version="1.0" encoding="UTF-8"?>
<testng-results ignored="0" total="2" passed="2" failed="0" skipped="0">
  <reporter-output>
  </reporter-output>
  <suite started-at="2022-11-22T09:36:59 IST" name="Suite" finished-at="2022-11-22T09:37:07 IST" duration-ms="7214">
    <groups>
    </groups>
    <test started-at="2022-11-22T09:36:59 IST" name="Chrome_Test" finished-at="2022-11-22T09:37:03 IST" duration-ms="3238">
      <class name="TestNg.Test1">
        <test-method signature="A1(java.lang.String)[pri:0, instance:TestNg.Test1@2c35e847]" started-at="2022-11-22T09:36:59 IST" name="A1" finished-at="2022-11-22T09:37:03 IST" duration-ms="3200" status="PASS">
          <params>
            <param index="0">
              <value>
                <![CDATA[Chrome]]>
              </value>
            </param>
          </params>
          <reporter-output>
          </reporter-output>
        </test-method> <!-- A1 -->
      </class> <!-- TestNg.Test1 -->
    </test> <!-- Chrome_Test -->
    <test started-at="2022-11-22T09:37:03 IST" name="Firefox_Test" finished-at="2022-11-22T09:37:07 IST" duration-ms="3949">
      <class name="TestNg.Test1">
        <test-method signature="A1(java.lang.String)[pri:0, instance:TestNg.Test1@2e3967ea]" started-at="2022-11-22T09:37:03 IST" name="A1" finished-at="2022-11-22T09:37:07 IST" duration-ms="3946" status="PASS">
          <params>
            <param index="0">
              <value>
                <![CDATA[Firefox]]>
              </value>
            </param>
          </params>
          <reporter-output>
          </reporter-output>
        </test-method> <!-- A1 -->
      </class> <!-- TestNg.Test1 -->
    </test> <!-- Firefox_Test -->
  </suite> <!-- Suite -->
</testng-results>
