<?xml version="1.0" encoding="UTF-8"?>
<testng-results ignored="0" total="1" passed="1" failed="0" skipped="0">
  <reporter-output>
  </reporter-output>
  <suite started-at="2022-11-17T11:37:59 IST" name="Default suite" finished-at="2022-11-17T11:38:00 IST" duration-ms="572">
    <groups>
    </groups>
    <test started-at="2022-11-17T11:37:59 IST" name="Default test" finished-at="2022-11-17T11:38:00 IST" duration-ms="572">
      <class name="ExtendReport">
        <test-method signature="login()[pri:0, instance:ExtendReport@20ccf40b]" started-at="2022-11-17T11:37:59 IST" name="login" finished-at="2022-11-17T11:38:00 IST" duration-ms="535" status="PASS">
          <reporter-output>
          </reporter-output>
        </test-method> <!-- login -->
      </class> <!-- ExtendReport -->
    </test> <!-- Default test -->
  </suite> <!-- Default suite -->
</testng-results>
